<?xml version="1.0" encoding="UTF-8"?>
<!-- Generated by org.testng.reporters.JUnitReportReporter -->
<testsuite skipped="0" hostname="DESKTOP-3RU6S7A" name="AmazonTests.AmazonLogin" tests="1" failures="0" timestamp="01 Mar 2023 16:02:26 GMT" time="46.346" errors="0">
  <testcase name="testCase1" time="46.346" classname="AmazonTests.AmazonLogin"/>
</testsuite> <!-- AmazonTests.AmazonLogin -->
