<?xml version="1.0" encoding="UTF-8"?>
<!-- Generated by org.testng.reporters.JUnitReportReporter -->
<testsuite skipped="0" hostname="DESKTOP-3RU6S7A" name="AmazonTests.TestngAnnotations" tests="2" failures="0" timestamp="06 Mar 2023 15:34:44 GMT" time="0.023" errors="0">
  <testcase name="test2" time="0.005" classname="AmazonTests.TestngAnnotations"/>
  <testcase name="test1" time="0.018" classname="AmazonTests.TestngAnnotations"/>
</testsuite> <!-- AmazonTests.TestngAnnotations -->
